\BOOKMARK [1][-]{section.1}{Monday, August 22, 2016 - Curves}{}% 1
\BOOKMARK [2][-]{subsection.1.1}{Exercise \0432 - Madeline Brandt}{section.1}% 2
\BOOKMARK [3][-]{subsubsection.1.1.1}{Moduli Space of Tropical Curves}{subsection.1.1}% 3
\BOOKMARK [3][-]{subsubsection.1.1.2}{The dual graph of a curve}{subsection.1.1}% 4
\BOOKMARK [3][-]{subsubsection.1.1.3}{The two methods}{subsection.1.1}% 5
\BOOKMARK [4][-]{paragraph.1.1.3.1}{Method One}{subsubsection.1.1.3}% 6
\BOOKMARK [3][-]{subsubsection.1.1.4}{Method Two}{subsection.1.1}% 7
\BOOKMARK [3][-]{subsubsection.1.1.5}{Examples}{subsection.1.1}% 8
\BOOKMARK [4][-]{paragraph.1.1.5.1}{Two roots coincide}{subsubsection.1.1.5}% 9
\BOOKMARK [4][-]{paragraph.1.1.5.2}{A Snowflake}{subsubsection.1.1.5}% 10
\BOOKMARK [2][-]{subsection.1.2}{Exercise \0433 - David J. Bruce}{section.1}% 11
\BOOKMARK [3][-]{subsubsection.1.2.1}{Complete Code - \(Macaulay2\)}{subsection.1.2}% 12
\BOOKMARK [2][-]{subsection.1.3}{Exercise \0439 - Alessandro Oneto}{section.1}% 13
\BOOKMARK [3][-]{subsubsection.1.3.1}{Elliptic Normal Quintic}{subsection.1.3}% 14
\BOOKMARK [3][-]{subsubsection.1.3.2}{Line secant variety of Elliptic Normal Septic}{subsection.1.3}% 15
\BOOKMARK [1][-]{section.2}{Wednesday, August 24, 2016 - Surfaces}{}% 16
\BOOKMARK [2][-]{subsection.2.1}{Exercise \0439 - Barbara Bolognese, Lars Kastner, \046 Julie Rana}{section.2}% 17
\BOOKMARK [3][-]{subsubsection.2.1.1}{Problem}{subsection.2.1}% 18
\BOOKMARK [3][-]{subsubsection.2.1.2}{Answer}{subsection.2.1}% 19
\BOOKMARK [4][-]{paragraph.2.1.2.1}{Statement}{subsubsection.2.1.2}% 20
\BOOKMARK [4][-]{paragraph.2.1.2.2}{Hodge diamond}{subsubsection.2.1.2}% 21
\BOOKMARK [1][-]{section*.2}{Bibliography}{}% 22
